<?xml version="1.0" encoding="UTF-8"?>
<!-- Generated by org.testng.reporters.JUnitReportReporter -->
<testsuite hostname="LAPTOP-0TC7TDR0" failures="0" tests="3" name="com.bank.main.test.AddCustomer1" time="21.907" errors="0" timestamp="2021-07-06T20:59:42 IST" skipped="0">
  <testcase classname="com.bank.main.test.AddCustomer1" name="homePageTest" time="1.006"/>
  <system-out/>
  <testcase classname="com.bank.main.test.AddCustomer1" name="searchCustomerTest" time="0.349"/>
  <system-out/>
  <testcase classname="com.bank.main.test.AddCustomer1" name="openAccountTest" time="20.552"/>
  <system-out/>
</testsuite> <!-- com.bank.main.test.AddCustomer1 -->
