<?xml version="1.0" encoding="UTF-8"?>
<!-- Generated by org.testng.reporters.JUnitReportReporter -->
<testsuite hostname="LAPTOP-0TC7TDR0" failures="0" tests="1" name="com.pack.common.test.HomePageTest" time="0.519" errors="0" timestamp="2021-07-02T15:24:50 IST" skipped="0">
  <testcase classname="com.pack.common.test.HomePageTest" name="verifyHomePageFunction" time="0.519"/>
  <system-out/>
</testsuite> <!-- com.pack.common.test.HomePageTest -->
