<?xml version="1.0" encoding="UTF-8"?>
<!-- Generated by org.testng.reporters.JUnitReportReporter -->
<testsuite hostname="LAPTOP-0TC7TDR0" failures="0" tests="3" name="com.bank.main.test.AddCustomer" time="1.953" errors="0" timestamp="2021-07-06T22:16:18 IST" skipped="0">
  <testcase classname="com.bank.main.test.AddCustomer" name="homePageTest" time="0.880"/>
  <system-out/>
  <testcase classname="com.bank.main.test.AddCustomer" name="openAccountTest" time="0.510"/>
  <system-out/>
  <testcase classname="com.bank.main.test.AddCustomer" name="searchCustomerTest" time="0.563"/>
  <system-out/>
</testsuite> <!-- com.bank.main.test.AddCustomer -->
