<?xml version="1.0" encoding="UTF-8"?>
<!-- Generated by org.testng.reporters.JUnitReportReporter -->
<testsuite hostname="LAPTOP-0TC7TDR0" failures="0" tests="2" name="qaclickacademy.AppiumTest" time="0.003" errors="0" timestamp="2021-06-27T16:54:03 IST" skipped="0">
  <testcase classname="qaclickacademy.AppiumTest" name="ElementMobileUI" time="0.003"/>
  <system-out/>
  <testcase classname="qaclickacademy.AppiumTest" name="browserMobileAutomation" time="0.000"/>
  <system-out/>
</testsuite> <!-- qaclickacademy.AppiumTest -->
