<?xml version="1.0" encoding="UTF-8"?>
<!-- Generated by org.testng.reporters.JUnitReportReporter -->
<testsuite hostname="LAPTOP-0TC7TDR0" failures="0" tests="2" name="qaclickacademy.RestAPITest" time="0.000" errors="0" timestamp="2021-06-27T16:54:03 IST" skipped="0">
  <testcase classname="qaclickacademy.RestAPITest" name="browserRestAPIAutomation" time="0.000"/>
  <system-out/>
  <testcase classname="qaclickacademy.RestAPITest" name="ElementRestAPISeleniumUI" time="0.000"/>
  <system-out/>
</testsuite> <!-- qaclickacademy.RestAPITest -->
